<?xml version="1.0" encoding="UTF-8"?>
<testng-results skipped="0" failed="0" ignored="0" total="1" passed="1">
  <reporter-output>
  </reporter-output>
  <suite name="Default suite" duration-ms="39616" started-at="2021-03-07T14:22:08 IST" finished-at="2021-03-07T14:22:47 IST">
    <groups>
    </groups>
    <test name="Default test" duration-ms="39616" started-at="2021-03-07T14:22:08 IST" finished-at="2021-03-07T14:22:47 IST">
      <class name="tests.GoogleTest">
        <test-method status="PASS" signature="beforeMethod()[pri:0, instance:tests.GoogleTest@2d6eabae]" name="beforeMethod" is-config="true" duration-ms="33508" started-at="2021-03-07T14:21:34 IST" finished-at="2021-03-07T14:22:08 IST">
          <reporter-output>
          </reporter-output>
        </test-method> <!-- beforeMethod -->
        <test-method status="PASS" signature="googleSearchNavigation()[pri:0, instance:tests.GoogleTest@2d6eabae]" name="googleSearchNavigation" duration-ms="37232" started-at="2021-03-07T14:22:08 IST" finished-at="2021-03-07T14:22:45 IST">
          <reporter-output>
          </reporter-output>
        </test-method> <!-- googleSearchNavigation -->
        <test-method status="PASS" signature="afterMethod()[pri:0, instance:tests.GoogleTest@2d6eabae]" name="afterMethod" is-config="true" duration-ms="2246" started-at="2021-03-07T14:22:45 IST" finished-at="2021-03-07T14:22:47 IST">
          <reporter-output>
          </reporter-output>
        </test-method> <!-- afterMethod -->
      </class> <!-- tests.GoogleTest -->
    </test> <!-- Default test -->
  </suite> <!-- Default suite -->
</testng-results>
